android/build/outputs/mapping/release/seeds.txt
com.tomekfasola.highc.R$attr: int adSize
com.tomekfasola.highc.R$attr: int adSizes
com.tomekfasola.highc.R$attr: int adUnitId
com.tomekfasola.highc.R$attr: int circleCrop
com.tomekfasola.highc.R$attr: int com_facebook_auxiliary_view_position
com.tomekfasola.highc.R$attr: int com_facebook_confirm_logout
com.tomekfasola.highc.R$attr: int com_facebook_foreground_color
com.tomekfasola.highc.R$attr: int com_facebook_horizontal_alignment
com.tomekfasola.highc.R$attr: int com_facebook_is_cropped
com.tomekfasola.highc.R$attr: int com_facebook_login_text
com.tomekfasola.highc.R$attr: int com_facebook_logout_text
com.tomekfasola.highc.R$attr: int com_facebook_object_id
com.tomekfasola.highc.R$attr: int com_facebook_object_type
com.tomekfasola.highc.R$attr: int com_facebook_preset_size
com.tomekfasola.highc.R$attr: int com_facebook_style
com.tomekfasola.highc.R$attr: int com_facebook_tooltip_mode
com.tomekfasola.highc.R$attr: int imageAspectRatio
com.tomekfasola.highc.R$attr: int imageAspectRatioAdjust
com.tomekfasola.highc.R$color: int com_facebook_blue
com.tomekfasola.highc.R$color: int com_facebook_button_background_color
com.tomekfasola.highc.R$color: int com_facebook_button_background_color_disabled
com.tomekfasola.highc.R$color: int com_facebook_button_background_color_pressed
com.tomekfasola.highc.R$color: int com_facebook_button_like_background_color_selected
com.tomekfasola.highc.R$color: int com_facebook_button_login_silver_background_color
com.tomekfasola.highc.R$color: int com_facebook_button_login_silver_background_color_pressed
com.tomekfasola.highc.R$color: int com_facebook_button_send_background_color
com.tomekfasola.highc.R$color: int com_facebook_button_send_background_color_pressed
com.tomekfasola.highc.R$color: int com_facebook_likeboxcountview_border_color
com.tomekfasola.highc.R$color: int com_facebook_likeboxcountview_text_color
com.tomekfasola.highc.R$color: int com_facebook_likeview_text_color
com.tomekfasola.highc.R$color: int com_facebook_share_button_text_color
com.tomekfasola.highc.R$dimen: int com_facebook_likeboxcountview_border_radius
com.tomekfasola.highc.R$dimen: int com_facebook_likeboxcountview_border_width
com.tomekfasola.highc.R$dimen: int com_facebook_likeboxcountview_caret_height
com.tomekfasola.highc.R$dimen: int com_facebook_likeboxcountview_caret_width
com.tomekfasola.highc.R$dimen: int com_facebook_likeboxcountview_text_padding
com.tomekfasola.highc.R$dimen: int com_facebook_likeboxcountview_text_size
com.tomekfasola.highc.R$dimen: int com_facebook_likeview_edge_padding
com.tomekfasola.highc.R$dimen: int com_facebook_likeview_internal_padding
com.tomekfasola.highc.R$dimen: int com_facebook_likeview_text_size
com.tomekfasola.highc.R$dimen: int com_facebook_profilepictureview_preset_size_large
com.tomekfasola.highc.R$dimen: int com_facebook_profilepictureview_preset_size_normal
com.tomekfasola.highc.R$dimen: int com_facebook_profilepictureview_preset_size_small
com.tomekfasola.highc.R$dimen: int com_facebook_share_button_compound_drawable_padding
com.tomekfasola.highc.R$dimen: int com_facebook_share_button_padding_bottom
com.tomekfasola.highc.R$dimen: int com_facebook_share_button_padding_left
com.tomekfasola.highc.R$dimen: int com_facebook_share_button_padding_right
com.tomekfasola.highc.R$dimen: int com_facebook_share_button_padding_top
com.tomekfasola.highc.R$dimen: int com_facebook_share_button_text_size
com.tomekfasola.highc.R$dimen: int com_facebook_tooltip_horizontal_padding
...
org.lwjgl.opengl.ATIEnvmapBumpmap
org.lwjgl.opengl.ATIEnvmapBumpmap: void nglTexBumpParameterfvATI(int,long,long)
org.lwjgl.opengl.ATIEnvmapBumpmap: void nglTexBumpParameterivATI(int,long,long)
org.lwjgl.opengl.ATIEnvmapBumpmap: void nglGetTexBumpParameterfvATI(int,long,long)
org.lwjgl.opengl.ATIEnvmapBumpmap: void nglGetTexBumpParameterivATI(int,long,long)
org.lwjgl.opengl.ATIFragmentShader
org.lwjgl.opengl.ATIFragmentShader: int nglGenFragmentShadersATI(int,long)
org.lwjgl.opengl.ATIFragmentShader: void nglBindFragmentShaderATI(int,long)
org.lwjgl.opengl.ATIFragmentShader: void nglDeleteFragmentShaderATI(int,long)
org.lwjgl.opengl.ATIFragmentShader: void nglBeginFragmentShaderATI(long)
org.lwjgl.opengl.ATIFragmentShader: void nglEndFragmentShaderATI(long)
org.lwjgl.opengl.ATIFragmentShader: void nglPassTexCoordATI(int,int,int,long)
org.lwjgl.opengl.ATIFragmentShader: void nglSampleMapATI(int,int,int,long)
org.lwjgl.opengl.ATIFragmentShader: void nglColorFragmentOp1ATI(int,int,int,int,int,int,int,long)
org.lwjgl.opengl.ATIFragmentShader: void nglColorFragmentOp2ATI(int,int,int,int,int,int,int,int,int,int,long)
org.lwjgl.opengl.ATIFragmentShader: void nglColorFragmentOp3ATI(int,int,int,int,int,int,int,int,int,int,int,int,int,long)
org.lwjgl.opengl.ATIFragmentShader: void nglAlphaFragmentOp1ATI(int,int,int,int,int,int,long)
org.lwjgl.opengl.ATIFragmentShader: void nglAlphaFragmentOp2ATI(int,int,int,int,int,int,int,int,int,long)
org.lwjgl.opengl.ATIFragmentShader: void nglAlphaFragmentOp3ATI(int,int,int,int,int,int,int,int,int,int,int,int,long)
org.lwjgl.opengl.ATIFragmentShader: void nglSetFragmentShaderConstantATI(int,long,long)
org.lwjgl.opengl.ATIMapObjectBuffer
org.lwjgl.opengl.ATIMapObjectBuffer: java.nio.ByteBuffer nglMapObjectBufferATI(int,long,java.nio.ByteBuffer,long)
org.lwjgl.opengl.ATIMapObjectBuffer: void nglUnmapObjectBufferATI(int,long)
org.lwjgl.opengl.ATIPnTriangles
org.lwjgl.opengl.ATIPnTriangles: void nglPNTrianglesfATI(int,float,long)
org.lwjgl.opengl.ATIPnTriangles: void nglPNTrianglesiATI(int,int,long)
org.lwjgl.opengl.ATISeparateStencil
org.lwjgl.opengl.ATISeparateStencil: void nglStencilOpSeparateATI(int,int,int,int,long)
org.lwjgl.opengl.ATISeparateStencil: void nglStencilFuncSeparateATI(int,int,int,int,long)
org.lwjgl.opengl.ATIVertexArrayObject
org.lwjgl.opengl.ATIVertexArrayObject: int nglNewObjectBufferATI(int,long,int,long)
org.lwjgl.opengl.ATIVertexArrayObject: boolean nglIsObjectBufferATI(int,long)
org.lwjgl.opengl.ATIVertexArrayObject: void nglUpdateObjectBufferATI(int,int,int,long,int,long)
org.lwjgl.opengl.ATIVertexArrayObject: void nglGetObjectBufferfvATI(int,int,long,long)
org.lwjgl.opengl.ATIVertexArrayObject: void nglGetObjectBufferivATI(int,int,long,long)
org.lwjgl.opengl.ATIVertexArrayObject: void nglFreeObjectBufferATI(int,long)
org.lwjgl.opengl.ATIVertexArrayObject: void nglArrayObjectATI(int,int,int,int,int,int,long)
org.lwjgl.opengl.ATIVertexArrayObject: void nglGetArrayObjectfvATI(int,int,long,long)
org.lwjgl.opengl.ATIVertexArrayObject: void nglGetArrayObjectivATI(int,int,long,long)
org.lwjgl.opengl.ATIVertexArrayObject: void nglVariantArrayObjectATI(int,int,int,int,int,long)
org.lwjgl.opengl.ATIVertexArrayObject: void nglGetVariantArrayObjectfvATI(int,int,long,long)
org.lwjgl.opengl.ATIVertexArrayObject: void nglGetVariantArrayObjectivATI(int,int,long,long)
org.lwjgl.opengl.ATIVertexAttribArrayObject
org.lwjgl.opengl.ATIVertexAttribArrayObject: void nglVertexAttribArrayObjectATI(int,int,int,boolean,int,int,int,long)
org.lwjgl.opengl.ATIVertexAttribArrayObject: void nglGetVertexAttribArrayObjectfvATI(int,int,long,long)
org.lwjgl.opengl.ATIVertexAttribArrayObject: void nglGetVertexAttribArrayObjectivATI(int,int,long,long)