android/build/outputs/mapping/release/mapping.txt
android.support.v4.app.Fragment$1 -> android.support.v4.app.n:
    android.support.v4.app.Fragment this$0 -> a
    android.view.View onFindViewById(int) -> a
    boolean onHasView() -> a
android.support.v4.app.Fragment$InstantiationException -> android.support.v4.app.o:
android.support.v4.app.Fragment$SavedState -> android.support.v4.app.Fragment$SavedState:
    android.os.Bundle mState -> a
    android.os.Parcelable$Creator CREATOR -> CREATOR
    int describeContents() -> describeContents
    void writeToParcel(android.os.Parcel,int) -> writeToParcel
android.support.v4.app.Fragment$SavedState$1 -> android.support.v4.app.p:
    android.support.v4.app.Fragment$SavedState createFromParcel(android.os.Parcel) -> a
    android.support.v4.app.Fragment$SavedState[] newArray(int) -> a
    java.lang.Object[] newArray(int) -> newArray
    java.lang.Object createFromParcel(android.os.Parcel) -> createFromParcel
android.support.v4.app.FragmentActivity -> android.support.v4.app.q:
    android.os.Handler mHandler -> a
    android.support.v4.app.FragmentController mFragments -> b
    boolean mCreated -> c
    boolean mResumed -> d
    boolean mStopped -> e
    boolean mReallyStopped -> f
    boolean mRetaining -> g
    boolean mOptionsMenuInvalidated -> h
    void onActivityResult(int,int,android.content.Intent) -> onActivityResult
    void onBackPressed() -> onBackPressed
    void supportFinishAfterTransition() -> a
    void onConfigurationChanged(android.content.res.Configuration) -> onConfigurationChanged
    void onCreate(android.os.Bundle) -> onCreate
    boolean onCreatePanelMenu(int,android.view.Menu) -> onCreatePanelMenu
    android.view.View dispatchFragmentsOnCreateView(android.view.View,java.lang.String,android.content.Context,android.util.AttributeSet) -> a
    void onDestroy() -> onDestroy
    boolean onKeyDown(int,android.view.KeyEvent) -> onKeyDown
    void onLowMemory() -> onLowMemory
    boolean onMenuItemSelected(int,android.view.MenuItem) -> onMenuItemSelected
    void onPanelClosed(int,android.view.Menu) -> onPanelClosed
    void onPause() -> onPause
    void onNewIntent(android.content.Intent) -> onNewIntent
    void onResume() -> onResume
    void onPostResume() -> onPostResume
    void onResumeFragments() -> b
    boolean onPreparePanel(int,android.view.View,android.view.Menu) -> onPreparePanel
android.support.v4.app.FragmentActivity$1 -> android.support.v4.app.r:
    android.support.v4.app.FragmentActivity this$0 -> a
    void handleMessage(android.os.Message) -> handleMessage
android.support.v4.app.FragmentActivity$HostCallbacks -> android.support.v4.app.s:
    android.support.v4.app.FragmentActivity this$0 -> a
    void onDump(java.lang.String,java.io.FileDescriptor,java.io.PrintWriter,java.lang.String[]) -> a
    boolean onShouldSaveFragmentState(android.support.v4.app.Fragment) -> a
    android.view.LayoutInflater onGetLayoutInflater() -> b
    void onSupportInvalidateOptionsMenu() -> c
    void onStartActivityFromFragment(android.support.v4.app.Fragment,android.content.Intent,int) -> a
    boolean onHasWindowAnimations() -> d
    int onGetWindowAnimations() -> e
    void onAttachFragment(android.support.v4.app.Fragment) -> b
    android.view.View onFindViewById(int) -> a
    boolean onHasView() -> a
android.support.v4.app.FragmentActivity$NonConfigurationInstances -> android.support.v4.app.t:
    java.lang.Object custom -> a
    java.util.List fragments -> b
    android.support.v4.util.SimpleArrayMap loaders -> c
android.support.v4.app.FragmentContainer -> android.support.v4.app.u:
    android.view.View onFindViewById(int) -> a
    boolean onHasView() -> a