android/build/outputs/mapping/release/usage.txt
com.tomekfasola.highc.BuildConfig
com.tomekfasola.highc.R
com.tomekfasola.highc.R$attr
com.tomekfasola.highc.R$color
com.tomekfasola.highc.R$dimen
com.tomekfasola.highc.R$drawable
com.tomekfasola.highc.R$id
com.tomekfasola.highc.R$integer
com.tomekfasola.highc.R$layout
com.tomekfasola.highc.R$mipmap
com.tomekfasola.highc.R$raw
com.tomekfasola.highc.R$string
com.tomekfasola.highc.R$style
com.tomekfasola.highc.R$styleable
...
android.support.v4.app.NotificationCompat$InboxStyle
android.support.v4.app.NotificationCompat$NotificationCompatImpl
android.support.v4.app.NotificationCompat$NotificationCompatImplApi20
android.support.v4.app.NotificationCompat$NotificationCompatImplApi21
android.support.v4.app.NotificationCompat$NotificationCompatImplBase
android.support.v4.app.NotificationCompat$NotificationCompatImplGingerbread
android.support.v4.app.NotificationCompat$NotificationCompatImplHoneycomb
android.support.v4.app.NotificationCompat$NotificationCompatImplIceCreamSandwich
android.support.v4.app.NotificationCompat$NotificationCompatImplJellybean
android.support.v4.app.NotificationCompat$NotificationCompatImplKitKat
android.support.v4.app.NotificationCompat$Style
android.support.v4.app.NotificationCompat$WearableExtender
android.support.v4.app.NotificationCompatApi20
android.support.v4.app.NotificationCompatApi20$Builder
android.support.v4.app.NotificationCompatApi21
android.support.v4.app.NotificationCompatApi21$Builder
android.support.v4.app.NotificationCompatBase
android.support.v4.app.NotificationCompatBase$Action
android.support.v4.app.NotificationCompatBase$Action$Factory
android.support.v4.app.NotificationCompatBase$UnreadConversation
android.support.v4.app.NotificationCompatBase$UnreadConversation$Factory
android.support.v4.app.NotificationCompatExtras
android.support.v4.app.NotificationCompatGingerbread
android.support.v4.app.NotificationCompatHoneycomb
android.support.v4.app.NotificationCompatIceCreamSandwich
android.support.v4.app.NotificationCompatIceCreamSandwich$Builder
android.support.v4.app.NotificationCompatJellybean
android.support.v4.app.NotificationCompatJellybean$Builder
android.support.v4.app.NotificationCompatKitKat
android.support.v4.app.NotificationCompatKitKat$Builder
android.support.v4.app.NotificationCompatSideChannelService
android.support.v4.app.NotificationCompatSideChannelService$1
android.support.v4.app.NotificationCompatSideChannelService$NotificationSideChannelStub
android.support.v4.app.NotificationManagerCompat
android.support.v4.app.NotificationManagerCompat$CancelTask
android.support.v4.app.NotificationManagerCompat$Impl
android.support.v4.app.NotificationManagerCompat$ImplBase
android.support.v4.app.NotificationManagerCompat$ImplEclair
android.support.v4.app.NotificationManagerCompat$ImplIceCreamSandwich
android.support.v4.app.NotificationManagerCompat$NotifyTask
android.support.v4.app.NotificationManagerCompat$ServiceConnectedEvent
android.support.v4.app.NotificationManagerCompat$SideChannelManager
android.support.v4.app.NotificationManagerCompat$SideChannelManager$ListenerRecord
android.support.v4.app.NotificationManagerCompat$Task
android.support.v4.app.NotificationManagerCompatEclair
android.support.v4.app.NotificationManagerCompatIceCreamSandwich
android.support.v4.app.RemoteInput
android.support.v4.app.RemoteInput$1
android.support.v4.app.RemoteInput$Builder
android.support.v4.app.RemoteInput$Impl
android.support.v4.app.RemoteInput$ImplApi20
android.support.v4.app.RemoteInput$ImplBase
android.support.v4.app.RemoteInput$ImplJellybean
android.support.v4.app.RemoteInputCompatApi20
android.support.v4.app.RemoteInputCompatBase
android.support.v4.app.RemoteInputCompatBase$RemoteInput
android.support.v4.app.RemoteInputCompatBase$RemoteInput$Factory
android.support.v4.app.RemoteInputCompatJellybean
android.support.v4.app.ServiceCompat
android.support.v4.app.ShareCompat
android.support.v4.app.ShareCompat$IntentBuilder
android.support.v4.app.ShareCompat$IntentReader
android.support.v4.app.ShareCompat$ShareCompatImpl
android.support.v4.app.ShareCompat$ShareCompatImplBase
android.support.v4.app.ShareCompat$ShareCompatImplICS
android.support.v4.app.ShareCompat$ShareCompatImplJB
android.support.v4.app.ShareCompatICS
android.support.v4.app.ShareCompatJB